<?xml version="1.0" encoding="UTF-8"?>
<testsuite xmlns:xsi="http://www.w3.org/2001/XMLSchema-instance" xsi:noNamespaceSchemaLocation="https://maven.apache.org/surefire/maven-surefire-plugin/xsd/surefire-test-report.xsd" name="Controller.ClienteDAOTest" time="0.627" tests="2" errors="2" skipped="0" failures="0">
  <properties>
[...]
</properties>
  <testcase name="testTelefoneCadastrado" classname="Controller.ClienteDAOTest" time="0.506">
    <error message="Cannot invoke &quot;String.replaceAll(String, String)&quot; because the return value of &quot;Model.Aluguel.getDataDev()&quot; is null" type="java.lang.NullPointerException">java.lang.NullPointerException: Cannot invoke "String.replaceAll(String, String)" because the return value of "Model.Aluguel.getDataDev()" is null
	at Controller.ClienteDAOTest.setCaminhos(ClienteDAOTest.java:32)
	at Controller.ClienteDAOTest.testTelefoneCadastrado(ClienteDAOTest.java:102)
</error>
  </testcase>
  <testcase name="registroDuploTest" classname="Controller.ClienteDAOTest" time="0.098">
    <error message="Cannot invoke &quot;String.replaceAll(String, String)&quot; because the return value of &quot;Model.Aluguel.getDataDev()&quot; is null" type="java.lang.NullPointerException">java.lang.NullPointerException: Cannot invoke "String.replaceAll(String, String)" because the return value of "Model.Aluguel.getDataDev()" is null
	at Controller.ClienteDAOTest.setCaminhos(ClienteDAOTest.java:32)
	at Controller.ClienteDAOTest.registroDuploTest(ClienteDAOTest.java:68)
</error>
  </testcase>
</testsuite>